Flow report for simpleCPU
Fri Jan 10 13:16:06 2014
Quartus II 64-Bit Version 13.0.1 Build 232 06/12/2013 Service Pack 1 SJ Web Edition


---------------------
; Table of Contents ;
---------------------
  1. Legal Notice
  2. Flow Summary
  3. Flow Settings
  4. Flow Non-Default Global Settings
  5. Flow Elapsed Time
  6. Flow OS Summary
  7. Flow Log
  8. Flow Messages
  9. Flow Suppressed Messages



----------------
; Legal Notice ;
----------------
Copyright (C) 1991-2013 Altera Corporation
Your use of Altera Corporation's design tools, logic functions 
and other software and tools, and its AMPP partner logic 
functions, and any output files from any of the foregoing 
(including device programming or simulation files), and any 
associated documentation or information are expressly subject 
to the terms and conditions of the Altera Program License 
Subscription Agreement, Altera MegaCore Function License 
Agreement, or other applicable license agreement, including, 
without limitation, that your use is for the sole purpose of 
programming logic devices manufactured by Altera and sold by 
Altera or its authorized distributors.  Please refer to the 
applicable agreement for further details.



+--------------------------------------------------------------------------------------+
; Flow Summary                                                                         ;
+------------------------------------+-------------------------------------------------+
; Flow Status                        ; Successful - Fri Jan 10 13:16:06 2014           ;
; Quartus II 64-Bit Version          ; 13.0.1 Build 232 06/12/2013 SP 1 SJ Web Edition ;
; Revision Name                      ; simpleCPU                                       ;
; Top-level Entity Name              ; simpleCPU                                       ;
; Family                             ; Cyclone II                                      ;
; Device                             ; EP2C35F672C6                                    ;
; Timing Models                      ; Final                                           ;
; Total logic elements               ; 656 / 33,216 ( 2 % )                            ;
;     Total combinational functions  ; 622 / 33,216 ( 2 % )                            ;
;     Dedicated logic registers      ; 167 / 33,216 ( < 1 % )                          ;
; Total registers                    ; 167                                             ;
; Total pins                         ; 47 / 475 ( 10 % )                               ;
; Total virtual pins                 ; 0                                               ;
; Total memory bits                  ; 8,192 / 483,840 ( 2 % )                         ;
; Embedded Multiplier 9-bit elements ; 1 / 70 ( 1 % )                                  ;
; Total PLLs                         ; 0 / 4 ( 0 % )                                   ;
+------------------------------------+-------------------------------------------------+


+-----------------------------------------+
; Flow Settings                           ;
+-------------------+---------------------+
; Option            ; Setting             ;
+-------------------+---------------------+
; Start date & time ; 01/10/2014 13:15:23 ;
; Main task         ; Compilation         ;
; Revision Name     ; simpleCPU           ;
+-------------------+---------------------+


+----------------------------------------------------------------------------------------------------------------------+
; Flow Non-Default Global Settings                                                                                     ;
+--------------------------------------+--------------------------------+---------------+-------------+----------------+
; Assignment Name                      ; Value                          ; Default Value ; Entity Name ; Section Id     ;
+--------------------------------------+--------------------------------+---------------+-------------+----------------+
; COMPILER_SIGNATURE_ID                ; 28988344942740.138933452205684 ; --            ; --          ; --             ;
; EDA_DESIGN_INSTANCE_NAME             ; NA                             ; --            ; --          ; testbench_CPU  ;
; EDA_NATIVELINK_SIMULATION_TEST_BENCH ; testbench_CPU                  ; --            ; --          ; eda_simulation ;
; EDA_OUTPUT_DATA_FORMAT               ; Verilog Hdl                    ; --            ; --          ; eda_simulation ;
; EDA_SIMULATION_TOOL                  ; ModelSim-Altera (Verilog)      ; <None>        ; --          ; --             ;
; EDA_TEST_BENCH_ENABLE_STATUS         ; TEST_BENCH_MODE                ; --            ; --          ; eda_simulation ;
; EDA_TEST_BENCH_FILE                  ; testbench_CPU.v                ; --            ; --          ; testbench_CPU  ;
; EDA_TEST_BENCH_MODULE_NAME           ; testbench_CPU                  ; --            ; --          ; testbench_CPU  ;
; EDA_TEST_BENCH_NAME                  ; testbench_CPU                  ; --            ; --          ; eda_simulation ;
; EDA_TIME_SCALE                       ; 1 ps                           ; --            ; --          ; eda_simulation ;
; IP_TOOL_NAME                         ; LPM_ADD_SUB                    ; --            ; --          ; --             ;
; IP_TOOL_NAME                         ; LPM_MULT                       ; --            ; --          ; --             ;
; IP_TOOL_NAME                         ; LPM_DIVIDE                     ; --            ; --          ; --             ;
; IP_TOOL_NAME                         ; LPM_COMPARE                    ; --            ; --          ; --             ;
; IP_TOOL_NAME                         ; LPM_ADD_SUB                    ; --            ; --          ; --             ;
; IP_TOOL_NAME                         ; LPM_MUX                        ; --            ; --          ; --             ;
; IP_TOOL_NAME                         ; LPM_MUX                        ; --            ; --          ; --             ;
; IP_TOOL_NAME                         ; RAM: 2-PORT                    ; --            ; --          ; --             ;
; IP_TOOL_NAME                         ; LPM_MUX                        ; --            ; --          ; --             ;
; IP_TOOL_NAME                         ; LPM_MUX                        ; --            ; --          ; --             ;
; IP_TOOL_NAME                         ; LPM_MUX                        ; --            ; --          ; --             ;
; IP_TOOL_VERSION                      ; 13.0                           ; --            ; --          ; --             ;
; IP_TOOL_VERSION                      ; 13.0                           ; --            ; --          ; --             ;
; IP_TOOL_VERSION                      ; 13.0                           ; --            ; --          ; --             ;
; IP_TOOL_VERSION                      ; 13.0                           ; --            ; --          ; --             ;
; IP_TOOL_VERSION                      ; 13.0                           ; --            ; --          ; --             ;
; IP_TOOL_VERSION                      ; 13.0                           ; --            ; --          ; --             ;
; IP_TOOL_VERSION                      ; 13.0                           ; --            ; --          ; --             ;
; IP_TOOL_VERSION                      ; 13.0                           ; --            ; --          ; --             ;
; IP_TOOL_VERSION                      ; 13.0                           ; --            ; --          ; --             ;
; IP_TOOL_VERSION                      ; 13.0                           ; --            ; --          ; --             ;
; IP_TOOL_VERSION                      ; 13.0                           ; --            ; --          ; --             ;
; MAX_CORE_JUNCTION_TEMP               ; 85                             ; --            ; --          ; --             ;
; MIN_CORE_JUNCTION_TEMP               ; 0                              ; --            ; --          ; --             ;
; MISC_FILE                            ; SUB.bsf                        ; --            ; --          ; --             ;
; MISC_FILE                            ; SUB_inst.v                     ; --            ; --          ; --             ;
; MISC_FILE                            ; SUB_bb.v                       ; --            ; --          ; --             ;
; MISC_FILE                            ; MUL.bsf                        ; --            ; --          ; --             ;
; MISC_FILE                            ; MUL_inst.v                     ; --            ; --          ; --             ;
; MISC_FILE                            ; MUL_bb.v                       ; --            ; --          ; --             ;
; MISC_FILE                            ; DIV.bsf                        ; --            ; --          ; --             ;
; MISC_FILE                            ; DIV_inst.v                     ; --            ; --          ; --             ;
; MISC_FILE                            ; DIV_bb.v                       ; --            ; --          ; --             ;
; MISC_FILE                            ; COMP.bsf                       ; --            ; --          ; --             ;
; MISC_FILE                            ; COMP_inst.v                    ; --            ; --          ; --             ;
; MISC_FILE                            ; COMP_bb.v                      ; --            ; --          ; --             ;
; MISC_FILE                            ; ADD.bsf                        ; --            ; --          ; --             ;
; MISC_FILE                            ; ADD_inst.v                     ; --            ; --          ; --             ;
; MISC_FILE                            ; ADD_bb.v                       ; --            ; --          ; --             ;
; MISC_FILE                            ; mux_x_bb.v                     ; --            ; --          ; --             ;
; MISC_FILE                            ; mux_3L_8b_bb.v                 ; --            ; --          ; --             ;
; MISC_FILE                            ; RAM2port_bb.v                  ; --            ; --          ; --             ;
; MISC_FILE                            ; mux2_8b_bb.v                   ; --            ; --          ; --             ;
; MISC_FILE                            ; mux8_16b_bb.v                  ; --            ; --          ; --             ;
; MISC_FILE                            ; mux16_16b_bb.v                 ; --            ; --          ; --             ;
; PARTITION_COLOR                      ; 16764057                       ; --            ; --          ; Top            ;
; PARTITION_FITTER_PRESERVATION_LEVEL  ; PLACEMENT_AND_ROUTING          ; --            ; --          ; Top            ;
; PARTITION_NETLIST_TYPE               ; SOURCE                         ; --            ; --          ; Top            ;
; PROJECT_OUTPUT_DIRECTORY             ; output_files                   ; --            ; --          ; --             ;
+--------------------------------------+--------------------------------+---------------+-------------+----------------+


+-------------------------------------------------------------------------------------------------------------------------------+
; Flow Elapsed Time                                                                                                             ;
+---------------------------+--------------+-------------------------+---------------------+------------------------------------+
; Module Name               ; Elapsed Time ; Average Processors Used ; Peak Virtual Memory ; Total CPU Time (on all processors) ;
+---------------------------+--------------+-------------------------+---------------------+------------------------------------+
; Analysis & Synthesis      ; 00:00:09     ; 1.0                     ; 484 MB              ; 00:00:09                           ;
; Fitter                    ; 00:00:21     ; 1.0                     ; 668 MB              ; 00:00:21                           ;
; Assembler                 ; 00:00:04     ; 1.0                     ; 421 MB              ; 00:00:03                           ;
; TimeQuest Timing Analyzer ; 00:00:02     ; 1.0                     ; 417 MB              ; 00:00:02                           ;
; EDA Netlist Writer        ; 00:00:02     ; 1.0                     ; 397 MB              ; 00:00:02                           ;
; Total                     ; 00:00:38     ; --                      ; --                  ; 00:00:37                           ;
+---------------------------+--------------+-------------------------+---------------------+------------------------------------+


+----------------------------------------------------------------------------------------+
; Flow OS Summary                                                                        ;
+---------------------------+------------------+-----------+------------+----------------+
; Module Name               ; Machine Hostname ; OS Name   ; OS Version ; Processor type ;
+---------------------------+------------------+-----------+------------+----------------+
; Analysis & Synthesis      ; pemari           ; Windows 7 ; 6.2        ; x86_64         ;
; Fitter                    ; pemari           ; Windows 7 ; 6.2        ; x86_64         ;
; Assembler                 ; pemari           ; Windows 7 ; 6.2        ; x86_64         ;
; TimeQuest Timing Analyzer ; pemari           ; Windows 7 ; 6.2        ; x86_64         ;
; EDA Netlist Writer        ; pemari           ; Windows 7 ; 6.2        ; x86_64         ;
+---------------------------+------------------+-----------+------------+----------------+


------------
; Flow Log ;
------------
quartus_map --read_settings_files=on --write_settings_files=off simpleCPU -c simpleCPU
quartus_fit --read_settings_files=off --write_settings_files=off simpleCPU -c simpleCPU
quartus_asm --read_settings_files=off --write_settings_files=off simpleCPU -c simpleCPU
quartus_sta simpleCPU -c simpleCPU
quartus_eda --read_settings_files=off --write_settings_files=off simpleCPU -c simpleCPU



